0 info it worked if it ends with ok
1 verbose cli [ '/Users/mmcfarland/.nvm/versions/node/v4.0.0/bin/node',
1 verbose cli   '/Users/mmcfarland/.nvm/versions/node/v4.0.0/bin/npm',
1 verbose cli   'install',
1 verbose cli   'secret-agent' ]
2 info using npm@2.14.2
3 info using node@v4.0.0
4 verbose install initial load of /Users/mmcfarland/gamedev.js/menu-system/package.json
5 verbose installManyTop reading scoped package data from /Users/mmcfarland/gamedev.js/menu-system/node_modules/phaser/package.json
6 verbose installManyTop reading scoped package data from /Users/mmcfarland/gamedev.js/menu-system/node_modules/webfontloader/package.json
7 verbose readDependencies loading dependencies from /Users/mmcfarland/gamedev.js/menu-system/package.json
8 silly cache add args [ 'secret-agent', null ]
9 verbose cache add spec secret-agent
10 silly cache add parsed spec Result {
10 silly cache add   raw: 'secret-agent',
10 silly cache add   scope: null,
10 silly cache add   name: 'secret-agent',
10 silly cache add   rawSpec: '',
10 silly cache add   spec: '*',
10 silly cache add   type: 'range' }
11 silly addNamed secret-agent@*
12 verbose addNamed "*" is a valid semver range for secret-agent
13 silly addNameRange { name: 'secret-agent', range: '*', hasData: false }
14 silly mapToRegistry name secret-agent
15 silly mapToRegistry using default registry
16 silly mapToRegistry registry https://registry.npmjs.org/
17 silly mapToRegistry uri https://registry.npmjs.org/secret-agent
18 verbose addNameRange registry:https://registry.npmjs.org/secret-agent not in flight; fetching
19 verbose request uri https://registry.npmjs.org/secret-agent
20 verbose request no auth needed
21 info attempt registry request try #1 at 1:48:24 PM
22 verbose request using bearer token for auth
23 verbose request id 7358b5bf2cb11f2f
24 http request GET https://registry.npmjs.org/secret-agent
25 http 404 https://registry.npmjs.org/secret-agent
26 verbose headers { 'content-type': 'application/json',
26 verbose headers   'cache-control': 'max-age=0',
26 verbose headers   'content-length': '2',
26 verbose headers   'accept-ranges': 'bytes',
26 verbose headers   date: 'Sun, 11 Oct 2015 17:48:24 GMT',
26 verbose headers   via: '1.1 varnish',
26 verbose headers   connection: 'keep-alive',
26 verbose headers   'x-served-by': 'cache-atl6222-ATL',
26 verbose headers   'x-cache': 'MISS',
26 verbose headers   'x-cache-hits': '0',
26 verbose headers   'x-timer': 'S1444585704.790997,VS0,VE31' }
27 silly get cb [ 404,
27 silly get   { 'content-type': 'application/json',
27 silly get     'cache-control': 'max-age=0',
27 silly get     'content-length': '2',
27 silly get     'accept-ranges': 'bytes',
27 silly get     date: 'Sun, 11 Oct 2015 17:48:24 GMT',
27 silly get     via: '1.1 varnish',
27 silly get     connection: 'keep-alive',
27 silly get     'x-served-by': 'cache-atl6222-ATL',
27 silly get     'x-cache': 'MISS',
27 silly get     'x-cache-hits': '0',
27 silly get     'x-timer': 'S1444585704.790997,VS0,VE31' } ]
28 verbose stack Error: Registry returned 404 for GET on https://registry.npmjs.org/secret-agent
28 verbose stack     at makeError (/Users/mmcfarland/.nvm/versions/node/v4.0.0/lib/node_modules/npm/node_modules/npm-registry-client/lib/request.js:263:12)
28 verbose stack     at CachingRegistryClient.<anonymous> (/Users/mmcfarland/.nvm/versions/node/v4.0.0/lib/node_modules/npm/node_modules/npm-registry-client/lib/request.js:241:14)
28 verbose stack     at Request._callback (/Users/mmcfarland/.nvm/versions/node/v4.0.0/lib/node_modules/npm/node_modules/npm-registry-client/lib/request.js:171:14)
28 verbose stack     at Request.self.callback (/Users/mmcfarland/.nvm/versions/node/v4.0.0/lib/node_modules/npm/node_modules/request/request.js:198:22)
28 verbose stack     at emitTwo (events.js:87:13)
28 verbose stack     at Request.emit (events.js:172:7)
28 verbose stack     at Request.<anonymous> (/Users/mmcfarland/.nvm/versions/node/v4.0.0/lib/node_modules/npm/node_modules/request/request.js:1073:14)
28 verbose stack     at emitOne (events.js:82:20)
28 verbose stack     at Request.emit (events.js:169:7)
28 verbose stack     at IncomingMessage.<anonymous> (/Users/mmcfarland/.nvm/versions/node/v4.0.0/lib/node_modules/npm/node_modules/request/request.js:1019:12)
29 verbose statusCode 404
30 verbose pkgid secret-agent
31 verbose cwd /Users/mmcfarland/gamedev.js/menu-system
32 error Darwin 14.4.0
33 error argv "/Users/mmcfarland/.nvm/versions/node/v4.0.0/bin/node" "/Users/mmcfarland/.nvm/versions/node/v4.0.0/bin/npm" "install" "secret-agent"
34 error node v4.0.0
35 error npm  v2.14.2
36 error code E404
37 error 404 Registry returned 404 for GET on https://registry.npmjs.org/secret-agent
37 error 404
37 error 404 'secret-agent' is not in the npm registry.
37 error 404 You should bug the author to publish it (or use the name yourself!)
37 error 404
37 error 404 Note that you can also install from a
37 error 404 tarball, folder, http url, or git url.
38 verbose exit [ 1, true ]
